<?xml version="1.0" encoding="UTF-8"?>
<testsuite xmlns:xsi="http://www.w3.org/2001/XMLSchema-instance" xsi:noNamespaceSchemaLocation="https://maven.apache.org/surefire/maven-surefire-plugin/xsd/surefire-test-report.xsd" name="com.sampleapp.demo.DemoApplicationTests" time="2.57" tests="1" errors="1" skipped="0" failures="0">
  <properties>
[...]
</properties>
  <testcase name="contextLoads" classname="com.sampleapp.demo.DemoApplicationTests" time="0.009">
    <error message="Failed to load ApplicationContext" type="java.lang.IllegalStateException">java.lang.IllegalStateException: Failed to load ApplicationContext
Caused by: java.lang.IllegalStateException: Error processing condition on org.springframework.boot.autoconfigure.context.PropertyPlaceholderAutoConfiguration.propertySourcesPlaceholderConfigurer
Caused by: java.lang.IllegalStateException: Failed to introspect Class [com.sampleapp.config.AppConfig] from ClassLoader [sun.misc.Launcher$AppClassLoader@4aa298b7]
Caused by: java.lang.NoClassDefFoundError: org/hibernate/SessionFactory
Caused by: java.lang.ClassNotFoundException: org.hibernate.SessionFactory
</error>
    <system-out><![CDATA[23:19:54.166 [main] DEBUG org.springframework.test.context.junit4.SpringJUnit4ClassRunner - SpringJUnit4ClassRunner constructor called with [class com.sampleapp.demo.DemoApplicationTests]
23:19:54.175 [main] DEBUG org.springframework.test.context.BootstrapUtils - Instantiating CacheAwareContextLoaderDelegate from class [org.springframework.test.context.cache.DefaultCacheAwareContextLoaderDelegate]
23:19:54.184 [main] DEBUG org.springframework.test.context.BootstrapUtils - Instantiating BootstrapContext using constructor [public org.springframework.test.context.support.DefaultBootstrapContext(java.lang.Class,org.springframework.test.context.CacheAwareContextLoaderDelegate)]
23:19:54.213 [main] DEBUG org.springframework.test.context.BootstrapUtils - Instantiating TestContextBootstrapper for test class [com.sampleapp.demo.DemoApplicationTests] from class [org.springframework.boot.test.context.SpringBootTestContextBootstrapper]
23:19:54.238 [main] INFO org.springframework.boot.test.context.SpringBootTestContextBootstrapper - Neither @ContextConfiguration nor @ContextHierarchy found for test class [com.sampleapp.demo.DemoApplicationTests], using SpringBootContextLoader
23:19:54.244 [main] DEBUG org.springframework.test.context.support.AbstractContextLoader - Did not detect default resource location for test class [com.sampleapp.demo.DemoApplicationTests]: class path resource [com/sampleapp/demo/DemoApplicationTests-context.xml] does not exist
23:19:54.245 [main] DEBUG org.springframework.test.context.support.AbstractContextLoader - Did not detect default resource location for test class [com.sampleapp.demo.DemoApplicationTests]: class path resource [com/sampleapp/demo/DemoApplicationTestsContext.groovy] does not exist
23:19:54.245 [main] INFO org.springframework.test.context.support.AbstractContextLoader - Could not detect default resource locations for test class [com.sampleapp.demo.DemoApplicationTests]: no resource found for suffixes {-context.xml, Context.groovy}.
23:19:54.247 [main] INFO org.springframework.test.context.support.AnnotationConfigContextLoaderUtils - Could not detect default configuration classes for test class [com.sampleapp.demo.DemoApplicationTests]: DemoApplicationTests does not declare any static, non-private, non-final, nested classes annotated with @Configuration.
23:19:54.317 [main] DEBUG org.springframework.test.context.support.ActiveProfilesUtils - Could not find an 'annotation declaring class' for annotation type [org.springframework.test.context.ActiveProfiles] and class [com.sampleapp.demo.DemoApplicationTests]
23:19:54.467 [main] DEBUG org.springframework.context.annotation.ClassPathScanningCandidateComponentProvider - Identified candidate component class: file [/Users/jithendrareddyk/Documents/GitHub/SimpleAppWithValidations/target/classes/com/sampleapp/demo/DemoApplication.class]
23:19:54.469 [main] INFO org.springframework.boot.test.context.SpringBootTestContextBootstrapper - Found @SpringBootConfiguration com.sampleapp.demo.DemoApplication for test class com.sampleapp.demo.DemoApplicationTests
23:19:54.617 [main] DEBUG org.springframework.boot.test.context.SpringBootTestContextBootstrapper - @TestExecutionListeners is not present for class [com.sampleapp.demo.DemoApplicationTests]: using defaults.
23:19:54.618 [main] INFO org.springframework.boot.test.context.SpringBootTestContextBootstrapper - Loaded default TestExecutionListener class names from location [META-INF/spring.factories]: [org.springframework.boot.test.mock.mockito.MockitoTestExecutionListener, org.springframework.boot.test.mock.mockito.ResetMocksTestExecutionListener, org.springframework.boot.test.autoconfigure.restdocs.RestDocsTestExecutionListener, org.springframework.boot.test.autoconfigure.web.client.MockRestServiceServerResetTestExecutionListener, org.springframework.boot.test.autoconfigure.web.servlet.MockMvcPrintOnlyOnFailureTestExecutionListener, org.springframework.boot.test.autoconfigure.web.servlet.WebDriverTestExecutionListener, org.springframework.test.context.web.ServletTestExecutionListener, org.springframework.test.context.support.DirtiesContextBeforeModesTestExecutionListener, org.springframework.test.context.support.DependencyInjectionTestExecutionListener, org.springframework.test.context.support.DirtiesContextTestExecutionListener, org.springframework.test.context.transaction.TransactionalTestExecutionListener, org.springframework.test.context.jdbc.SqlScriptsTestExecutionListener]
23:19:54.637 [main] INFO org.springframework.boot.test.context.SpringBootTestContextBootstrapper - Using TestExecutionListeners: [org.springframework.test.context.web.ServletTestExecutionListener@4218d6a3, org.springframework.test.context.support.DirtiesContextBeforeModesTestExecutionListener@76505305, org.springframework.boot.test.mock.mockito.MockitoTestExecutionListener@14cd1699, org.springframework.boot.test.autoconfigure.SpringBootDependencyInjectionTestExecutionListener@77888435, org.springframework.test.context.support.DirtiesContextTestExecutionListener@73a1e9a9, org.springframework.test.context.transaction.TransactionalTestExecutionListener@71d44a3, org.springframework.test.context.jdbc.SqlScriptsTestExecutionListener@7b98f307, org.springframework.boot.test.mock.mockito.ResetMocksTestExecutionListener@4802796d, org.springframework.boot.test.autoconfigure.restdocs.RestDocsTestExecutionListener@34123d65, org.springframework.boot.test.autoconfigure.web.client.MockRestServiceServerResetTestExecutionListener@59474f18, org.springframework.boot.test.autoconfigure.web.servlet.MockMvcPrintOnlyOnFailureTestExecutionListener@65fb9ffc, org.springframework.boot.test.autoconfigure.web.servlet.WebDriverTestExecutionListener@3e694b3f]
23:19:54.639 [main] DEBUG org.springframework.test.annotation.ProfileValueUtils - Retrieved @ProfileValueSourceConfiguration [null] for test class [com.sampleapp.demo.DemoApplicationTests]
23:19:54.640 [main] DEBUG org.springframework.test.annotation.ProfileValueUtils - Retrieved ProfileValueSource type [class org.springframework.test.annotation.SystemProfileValueSource] for class [com.sampleapp.demo.DemoApplicationTests]
23:19:54.642 [main] DEBUG org.springframework.test.annotation.ProfileValueUtils - Retrieved @ProfileValueSourceConfiguration [null] for test class [com.sampleapp.demo.DemoApplicationTests]
23:19:54.642 [main] DEBUG org.springframework.test.annotation.ProfileValueUtils - Retrieved ProfileValueSource type [class org.springframework.test.annotation.SystemProfileValueSource] for class [com.sampleapp.demo.DemoApplicationTests]
23:19:54.643 [main] DEBUG org.springframework.test.annotation.ProfileValueUtils - Retrieved @ProfileValueSourceConfiguration [null] for test class [com.sampleapp.demo.DemoApplicationTests]
23:19:54.643 [main] DEBUG org.springframework.test.annotation.ProfileValueUtils - Retrieved ProfileValueSource type [class org.springframework.test.annotation.SystemProfileValueSource] for class [com.sampleapp.demo.DemoApplicationTests]
23:19:54.647 [main] DEBUG org.springframework.test.context.support.AbstractDirtiesContextTestExecutionListener - Before test class: context [DefaultTestContext@3c46e67a testClass = DemoApplicationTests, testInstance = [null], testMethod = [null], testException = [null], mergedContextConfiguration = [WebMergedContextConfiguration@c730b35 testClass = DemoApplicationTests, locations = '{}', classes = '{class com.sampleapp.demo.DemoApplication}', contextInitializerClasses = '[]', activeProfiles = '{}', propertySourceLocations = '{}', propertySourceProperties = '{org.springframework.boot.test.context.SpringBootTestContextBootstrapper=true}', contextCustomizers = set[org.springframework.boot.test.context.filter.ExcludeFilterContextCustomizer@6950e31, org.springframework.boot.test.json.DuplicateJsonObjectContextCustomizerFactory$DuplicateJsonObjectContextCustomizer@7cbd213e, org.springframework.boot.test.mock.mockito.MockitoContextCustomizer@0, org.springframework.boot.test.web.client.TestRestTemplateContextCustomizer@396e2f39, org.springframework.boot.test.autoconfigure.properties.PropertyMappingContextCustomizer@0, org.springframework.boot.test.autoconfigure.web.servlet.WebDriverContextCustomizerFactory$Customizer@10a035a0], resourceBasePath = 'src/main/webapp', contextLoader = 'org.springframework.boot.test.context.SpringBootContextLoader', parent = [null]], attributes = map['org.springframework.test.context.web.ServletTestExecutionListener.activateListener' -> true]], class annotated with @DirtiesContext [false] with mode [null].
23:19:54.648 [main] DEBUG org.springframework.test.annotation.ProfileValueUtils - Retrieved @ProfileValueSourceConfiguration [null] for test class [com.sampleapp.demo.DemoApplicationTests]
23:19:54.648 [main] DEBUG org.springframework.test.annotation.ProfileValueUtils - Retrieved ProfileValueSource type [class org.springframework.test.annotation.SystemProfileValueSource] for class [com.sampleapp.demo.DemoApplicationTests]
23:19:54.674 [main] DEBUG org.springframework.test.context.support.TestPropertySourceUtils - Adding inlined properties to environment: {spring.jmx.enabled=false, org.springframework.boot.test.context.SpringBootTestContextBootstrapper=true, server.port=-1}

  .   ____          _            __ _ _
 /\\ / ___'_ __ _ _(_)_ __  __ _ \ \ \ \
( ( )\___ | '_ | '_| | '_ \/ _` | \ \ \ \
 \\/  ___)| |_)| | | | | || (_| |  ) ) ) )
  '  |____| .__|_| |_|_| |_\__, | / / / /
 =========|_|==============|___/=/_/_/_/
 :: Spring Boot ::             (v2.1.0.M3)

2018-09-23 23:19:55.147  INFO 6622 --- [           main] com.sampleapp.demo.DemoApplicationTests  : Starting DemoApplicationTests on Jithendras-MacBook-Pro.local with PID 6622 (started by jithendrareddyk in /Users/jithendrareddyk/Documents/GitHub/SimpleAppWithValidations)
2018-09-23 23:19:55.150  INFO 6622 --- [           main] com.sampleapp.demo.DemoApplicationTests  : No active profile set, falling back to default profiles: default
2018-09-23 23:19:56.389 ERROR 6622 --- [           main] o.s.boot.SpringApplication               : Application run failed

java.lang.IllegalStateException: Error processing condition on org.springframework.boot.autoconfigure.context.PropertyPlaceholderAutoConfiguration.propertySourcesPlaceholderConfigurer
	at org.springframework.boot.autoconfigure.condition.SpringBootCondition.matches(SpringBootCondition.java:64) ~[spring-boot-autoconfigure-2.1.0.M3.jar:2.1.0.M3]
	at org.springframework.context.annotation.ConditionEvaluator.shouldSkip(ConditionEvaluator.java:108) ~[spring-context-5.1.0.RC3.jar:5.1.0.RC3]
	at org.springframework.context.annotation.ConfigurationClassBeanDefinitionReader.loadBeanDefinitionsForBeanMethod(ConfigurationClassBeanDefinitionReader.java:180) ~[spring-context-5.1.0.RC3.jar:5.1.0.RC3]
	at org.springframework.context.annotation.ConfigurationClassBeanDefinitionReader.loadBeanDefinitionsForConfigurationClass(ConfigurationClassBeanDefinitionReader.java:140) ~[spring-context-5.1.0.RC3.jar:5.1.0.RC3]
	at org.springframework.context.annotation.ConfigurationClassBeanDefinitionReader.loadBeanDefinitions(ConfigurationClassBeanDefinitionReader.java:116) ~[spring-context-5.1.0.RC3.jar:5.1.0.RC3]
	at org.springframework.context.annotation.ConfigurationClassPostProcessor.processConfigBeanDefinitions(ConfigurationClassPostProcessor.java:327) ~[spring-context-5.1.0.RC3.jar:5.1.0.RC3]
	at org.springframework.context.annotation.ConfigurationClassPostProcessor.postProcessBeanDefinitionRegistry(ConfigurationClassPostProcessor.java:232) ~[spring-context-5.1.0.RC3.jar:5.1.0.RC3]
	at org.springframework.context.support.PostProcessorRegistrationDelegate.invokeBeanDefinitionRegistryPostProcessors(PostProcessorRegistrationDelegate.java:275) ~[spring-context-5.1.0.RC3.jar:5.1.0.RC3]
	at org.springframework.context.support.PostProcessorRegistrationDelegate.invokeBeanFactoryPostProcessors(PostProcessorRegistrationDelegate.java:95) ~[spring-context-5.1.0.RC3.jar:5.1.0.RC3]
	at org.springframework.context.support.AbstractApplicationContext.invokeBeanFactoryPostProcessors(AbstractApplicationContext.java:693) ~[spring-context-5.1.0.RC3.jar:5.1.0.RC3]
	at org.springframework.context.support.AbstractApplicationContext.refresh(AbstractApplicationContext.java:530) ~[spring-context-5.1.0.RC3.jar:5.1.0.RC3]
	at org.springframework.boot.SpringApplication.refresh(SpringApplication.java:797) ~[spring-boot-2.1.0.M3.jar:2.1.0.M3]
	at org.springframework.boot.SpringApplication.refreshContext(SpringApplication.java:421) ~[spring-boot-2.1.0.M3.jar:2.1.0.M3]
	at org.springframework.boot.SpringApplication.run(SpringApplication.java:340) ~[spring-boot-2.1.0.M3.jar:2.1.0.M3]
	at org.springframework.boot.test.context.SpringBootContextLoader.loadContext(SpringBootContextLoader.java:139) [spring-boot-test-2.1.0.M3.jar:2.1.0.M3]
	at org.springframework.test.context.cache.DefaultCacheAwareContextLoaderDelegate.loadContextInternal(DefaultCacheAwareContextLoaderDelegate.java:99) [spring-test-5.1.0.RC3.jar:5.1.0.RC3]
	at org.springframework.test.context.cache.DefaultCacheAwareContextLoaderDelegate.loadContext(DefaultCacheAwareContextLoaderDelegate.java:117) [spring-test-5.1.0.RC3.jar:5.1.0.RC3]
	at org.springframework.test.context.support.DefaultTestContext.getApplicationContext(DefaultTestContext.java:108) [spring-test-5.1.0.RC3.jar:5.1.0.RC3]
	at org.springframework.test.context.web.ServletTestExecutionListener.setUpRequestContextIfNecessary(ServletTestExecutionListener.java:190) [spring-test-5.1.0.RC3.jar:5.1.0.RC3]
	at org.springframework.test.context.web.ServletTestExecutionListener.prepareTestInstance(ServletTestExecutionListener.java:132) [spring-test-5.1.0.RC3.jar:5.1.0.RC3]
	at org.springframework.test.context.TestContextManager.prepareTestInstance(TestContextManager.java:246) [spring-test-5.1.0.RC3.jar:5.1.0.RC3]
	at org.springframework.test.context.junit4.SpringJUnit4ClassRunner.createTest(SpringJUnit4ClassRunner.java:227) [spring-test-5.1.0.RC3.jar:5.1.0.RC3]
	at org.springframework.test.context.junit4.SpringJUnit4ClassRunner$1.runReflectiveCall(SpringJUnit4ClassRunner.java:289) [spring-test-5.1.0.RC3.jar:5.1.0.RC3]
	at org.junit.internal.runners.model.ReflectiveCallable.run(ReflectiveCallable.java:12) [junit-4.12.jar:4.12]
	at org.springframework.test.context.junit4.SpringJUnit4ClassRunner.methodBlock(SpringJUnit4ClassRunner.java:291) [spring-test-5.1.0.RC3.jar:5.1.0.RC3]
	at org.springframework.test.context.junit4.SpringJUnit4ClassRunner.runChild(SpringJUnit4ClassRunner.java:246) [spring-test-5.1.0.RC3.jar:5.1.0.RC3]
	at org.springframework.test.context.junit4.SpringJUnit4ClassRunner.runChild(SpringJUnit4ClassRunner.java:97) [spring-test-5.1.0.RC3.jar:5.1.0.RC3]
	at org.junit.runners.ParentRunner$3.run(ParentRunner.java:290) [junit-4.12.jar:4.12]
	at org.junit.runners.ParentRunner$1.schedule(ParentRunner.java:71) [junit-4.12.jar:4.12]
	at org.junit.runners.ParentRunner.runChildren(ParentRunner.java:288) [junit-4.12.jar:4.12]
	at org.junit.runners.ParentRunner.access$000(ParentRunner.java:58) [junit-4.12.jar:4.12]
	at org.junit.runners.ParentRunner$2.evaluate(ParentRunner.java:268) [junit-4.12.jar:4.12]
	at org.springframework.test.context.junit4.statements.RunBeforeTestClassCallbacks.evaluate(RunBeforeTestClassCallbacks.java:61) [spring-test-5.1.0.RC3.jar:5.1.0.RC3]
	at org.springframework.test.context.junit4.statements.RunAfterTestClassCallbacks.evaluate(RunAfterTestClassCallbacks.java:70) [spring-test-5.1.0.RC3.jar:5.1.0.RC3]
	at org.junit.runners.ParentRunner.run(ParentRunner.java:363) [junit-4.12.jar:4.12]
	at org.springframework.test.context.junit4.SpringJUnit4ClassRunner.run(SpringJUnit4ClassRunner.java:190) [spring-test-5.1.0.RC3.jar:5.1.0.RC3]
	at org.apache.maven.surefire.junit4.JUnit4Provider.execute(JUnit4Provider.java:365) [surefire-junit4-2.22.0.jar:2.22.0]
	at org.apache.maven.surefire.junit4.JUnit4Provider.executeWithRerun(JUnit4Provider.java:273) [surefire-junit4-2.22.0.jar:2.22.0]
	at org.apache.maven.surefire.junit4.JUnit4Provider.executeTestSet(JUnit4Provider.java:238) [surefire-junit4-2.22.0.jar:2.22.0]
	at org.apache.maven.surefire.junit4.JUnit4Provider.invoke(JUnit4Provider.java:159) [surefire-junit4-2.22.0.jar:2.22.0]
	at org.apache.maven.surefire.booter.ForkedBooter.invokeProviderInSameClassLoader(ForkedBooter.java:383) [surefire-booter-2.22.0.jar:2.22.0]
	at org.apache.maven.surefire.booter.ForkedBooter.runSuitesInProcess(ForkedBooter.java:344) [surefire-booter-2.22.0.jar:2.22.0]
	at org.apache.maven.surefire.booter.ForkedBooter.execute(ForkedBooter.java:125) [surefire-booter-2.22.0.jar:2.22.0]
	at org.apache.maven.surefire.booter.ForkedBooter.main(ForkedBooter.java:417) [surefire-booter-2.22.0.jar:2.22.0]
Caused by: java.lang.IllegalStateException: Failed to introspect Class [com.sampleapp.config.AppConfig] from ClassLoader [sun.misc.Launcher$AppClassLoader@4aa298b7]
	at org.springframework.util.ReflectionUtils.getDeclaredMethods(ReflectionUtils.java:680) ~[spring-core-5.1.0.RC3.jar:5.1.0.RC3]
	at org.springframework.util.ReflectionUtils.doWithMethods(ReflectionUtils.java:577) ~[spring-core-5.1.0.RC3.jar:5.1.0.RC3]
	at org.springframework.util.ReflectionUtils.doWithMethods(ReflectionUtils.java:562) ~[spring-core-5.1.0.RC3.jar:5.1.0.RC3]
	at org.springframework.util.ReflectionUtils.getUniqueDeclaredMethods(ReflectionUtils.java:620) ~[spring-core-5.1.0.RC3.jar:5.1.0.RC3]
	at java.util.concurrent.ConcurrentHashMap.computeIfAbsent(ConcurrentHashMap.java:1660) ~[na:1.8.0_172]
	at org.springframework.beans.factory.support.AbstractAutowireCapableBeanFactory.getTypeForFactoryMethod(AbstractAutowireCapableBeanFactory.java:721) ~[spring-beans-5.1.0.RC3.jar:5.1.0.RC3]
	at org.springframework.beans.factory.support.AbstractAutowireCapableBeanFactory.determineTargetType(AbstractAutowireCapableBeanFactory.java:662) ~[spring-beans-5.1.0.RC3.jar:5.1.0.RC3]
	at org.springframework.beans.factory.support.AbstractAutowireCapableBeanFactory.predictBeanType(AbstractAutowireCapableBeanFactory.java:630) ~[spring-beans-5.1.0.RC3.jar:5.1.0.RC3]
	at org.springframework.beans.factory.support.AbstractBeanFactory.isFactoryBean(AbstractBeanFactory.java:1492) ~[spring-beans-5.1.0.RC3.jar:5.1.0.RC3]
	at org.springframework.beans.factory.support.AbstractBeanFactory.isFactoryBean(AbstractBeanFactory.java:1015) ~[spring-beans-5.1.0.RC3.jar:5.1.0.RC3]
	at org.springframework.boot.autoconfigure.condition.BeanTypeRegistry.addBeanTypeForNonAliasDefinition(BeanTypeRegistry.java:194) ~[spring-boot-autoconfigure-2.1.0.M3.jar:2.1.0.M3]
	at org.springframework.boot.autoconfigure.condition.BeanTypeRegistry.addBeanTypeForNonAliasDefinition(BeanTypeRegistry.java:170) ~[spring-boot-autoconfigure-2.1.0.M3.jar:2.1.0.M3]
	at org.springframework.boot.autoconfigure.condition.BeanTypeRegistry.addBeanType(BeanTypeRegistry.java:163) ~[spring-boot-autoconfigure-2.1.0.M3.jar:2.1.0.M3]
	at org.springframework.boot.autoconfigure.condition.BeanTypeRegistry.lambda$updateTypesIfNecessary$2(BeanTypeRegistry.java:150) ~[spring-boot-autoconfigure-2.1.0.M3.jar:2.1.0.M3]
	at java.util.Iterator.forEachRemaining(Iterator.java:116) ~[na:1.8.0_172]
	at org.springframework.boot.autoconfigure.condition.BeanTypeRegistry.updateTypesIfNecessary(BeanTypeRegistry.java:148) ~[spring-boot-autoconfigure-2.1.0.M3.jar:2.1.0.M3]
	at org.springframework.boot.autoconfigure.condition.BeanTypeRegistry.getNamesForType(BeanTypeRegistry.java:114) ~[spring-boot-autoconfigure-2.1.0.M3.jar:2.1.0.M3]
	at org.springframework.boot.autoconfigure.condition.OnBeanCondition.collectBeanNamesForType(OnBeanCondition.java:265) ~[spring-boot-autoconfigure-2.1.0.M3.jar:2.1.0.M3]
	at org.springframework.boot.autoconfigure.condition.OnBeanCondition.getBeanNamesForType(OnBeanCondition.java:254) ~[spring-boot-autoconfigure-2.1.0.M3.jar:2.1.0.M3]
	at org.springframework.boot.autoconfigure.condition.OnBeanCondition.getMatchingBeans(OnBeanCondition.java:196) ~[spring-boot-autoconfigure-2.1.0.M3.jar:2.1.0.M3]
	at org.springframework.boot.autoconfigure.condition.OnBeanCondition.getMatchOutcome(OnBeanCondition.java:116) ~[spring-boot-autoconfigure-2.1.0.M3.jar:2.1.0.M3]
	at org.springframework.boot.autoconfigure.condition.SpringBootCondition.matches(SpringBootCondition.java:47) ~[spring-boot-autoconfigure-2.1.0.M3.jar:2.1.0.M3]
	... 43 common frames omitted
Caused by: java.lang.NoClassDefFoundError: org/hibernate/SessionFactory
	at java.lang.Class.getDeclaredMethods0(Native Method) ~[na:1.8.0_172]
	at java.lang.Class.privateGetDeclaredMethods(Class.java:2701) ~[na:1.8.0_172]
	at java.lang.Class.getDeclaredMethods(Class.java:1975) ~[na:1.8.0_172]
	at org.springframework.util.ReflectionUtils.getDeclaredMethods(ReflectionUtils.java:662) ~[spring-core-5.1.0.RC3.jar:5.1.0.RC3]
	... 64 common frames omitted
Caused by: java.lang.ClassNotFoundException: org.hibernate.SessionFactory
	at java.net.URLClassLoader.findClass(URLClassLoader.java:381) ~[na:1.8.0_172]
	at java.lang.ClassLoader.loadClass(ClassLoader.java:424) ~[na:1.8.0_172]
	at sun.misc.Launcher$AppClassLoader.loadClass(Launcher.java:349) ~[na:1.8.0_172]
	at java.lang.ClassLoader.loadClass(ClassLoader.java:357) ~[na:1.8.0_172]
	... 68 common frames omitted

2018-09-23 23:19:56.411  WARN 6622 --- [           main] o.s.boot.SpringApplication               : Unable to close ApplicationContext

java.lang.IllegalStateException: Failed to introspect Class [com.sampleapp.config.AppConfig] from ClassLoader [sun.misc.Launcher$AppClassLoader@4aa298b7]
	at org.springframework.util.ReflectionUtils.getDeclaredMethods(ReflectionUtils.java:680) ~[spring-core-5.1.0.RC3.jar:5.1.0.RC3]
	at org.springframework.util.ReflectionUtils.doWithMethods(ReflectionUtils.java:577) ~[spring-core-5.1.0.RC3.jar:5.1.0.RC3]
	at org.springframework.util.ReflectionUtils.doWithMethods(ReflectionUtils.java:562) ~[spring-core-5.1.0.RC3.jar:5.1.0.RC3]
	at org.springframework.util.ReflectionUtils.getUniqueDeclaredMethods(ReflectionUtils.java:620) ~[spring-core-5.1.0.RC3.jar:5.1.0.RC3]
	at java.util.concurrent.ConcurrentHashMap.computeIfAbsent(ConcurrentHashMap.java:1660) ~[na:1.8.0_172]
	at org.springframework.beans.factory.support.AbstractAutowireCapableBeanFactory.getTypeForFactoryMethod(AbstractAutowireCapableBeanFactory.java:721) ~[spring-beans-5.1.0.RC3.jar:5.1.0.RC3]
	at org.springframework.beans.factory.support.AbstractAutowireCapableBeanFactory.determineTargetType(AbstractAutowireCapableBeanFactory.java:662) ~[spring-beans-5.1.0.RC3.jar:5.1.0.RC3]
	at org.springframework.beans.factory.support.AbstractAutowireCapableBeanFactory.predictBeanType(AbstractAutowireCapableBeanFactory.java:630) ~[spring-beans-5.1.0.RC3.jar:5.1.0.RC3]
	at org.springframework.beans.factory.support.AbstractBeanFactory.isFactoryBean(AbstractBeanFactory.java:1492) ~[spring-beans-5.1.0.RC3.jar:5.1.0.RC3]
	at org.springframework.beans.factory.support.DefaultListableBeanFactory.doGetBeanNamesForType(DefaultListableBeanFactory.java:484) ~[spring-beans-5.1.0.RC3.jar:5.1.0.RC3]
	at org.springframework.beans.factory.support.DefaultListableBeanFactory.getBeanNamesForType(DefaultListableBeanFactory.java:454) ~[spring-beans-5.1.0.RC3.jar:5.1.0.RC3]
	at org.springframework.beans.factory.support.DefaultListableBeanFactory.getBeansOfType(DefaultListableBeanFactory.java:575) ~[spring-beans-5.1.0.RC3.jar:5.1.0.RC3]
	at org.springframework.beans.factory.support.DefaultListableBeanFactory.getBeansOfType(DefaultListableBeanFactory.java:567) ~[spring-beans-5.1.0.RC3.jar:5.1.0.RC3]
	at org.springframework.context.support.AbstractApplicationContext.getBeansOfType(AbstractApplicationContext.java:1206) ~[spring-context-5.1.0.RC3.jar:5.1.0.RC3]
	at org.springframework.boot.SpringApplication.getExitCodeFromMappedException(SpringApplication.java:927) [spring-boot-2.1.0.M3.jar:2.1.0.M3]
	at org.springframework.boot.SpringApplication.getExitCodeFromException(SpringApplication.java:913) [spring-boot-2.1.0.M3.jar:2.1.0.M3]
	at org.springframework.boot.SpringApplication.handleExitCode(SpringApplication.java:899) [spring-boot-2.1.0.M3.jar:2.1.0.M3]
	at org.springframework.boot.SpringApplication.handleRunFailure(SpringApplication.java:848) [spring-boot-2.1.0.M3.jar:2.1.0.M3]
	at org.springframework.boot.SpringApplication.run(SpringApplication.java:351) [spring-boot-2.1.0.M3.jar:2.1.0.M3]
	at org.springframework.boot.test.context.SpringBootContextLoader.loadContext(SpringBootContextLoader.java:139) [spring-boot-test-2.1.0.M3.jar:2.1.0.M3]
	at org.springframework.test.context.cache.DefaultCacheAwareContextLoaderDelegate.loadContextInternal(DefaultCacheAwareContextLoaderDelegate.java:99) [spring-test-5.1.0.RC3.jar:5.1.0.RC3]
	at org.springframework.test.context.cache.DefaultCacheAwareContextLoaderDelegate.loadContext(DefaultCacheAwareContextLoaderDelegate.java:117) [spring-test-5.1.0.RC3.jar:5.1.0.RC3]
	at org.springframework.test.context.support.DefaultTestContext.getApplicationContext(DefaultTestContext.java:108) [spring-test-5.1.0.RC3.jar:5.1.0.RC3]
	at org.springframework.test.context.web.ServletTestExecutionListener.setUpRequestContextIfNecessary(ServletTestExecutionListener.java:190) [spring-test-5.1.0.RC3.jar:5.1.0.RC3]
	at org.springframework.test.context.web.ServletTestExecutionListener.prepareTestInstance(ServletTestExecutionListener.java:132) [spring-test-5.1.0.RC3.jar:5.1.0.RC3]
	at org.springframework.test.context.TestContextManager.prepareTestInstance(TestContextManager.java:246) [spring-test-5.1.0.RC3.jar:5.1.0.RC3]
	at org.springframework.test.context.junit4.SpringJUnit4ClassRunner.createTest(SpringJUnit4ClassRunner.java:227) [spring-test-5.1.0.RC3.jar:5.1.0.RC3]
	at org.springframework.test.context.junit4.SpringJUnit4ClassRunner$1.runReflectiveCall(SpringJUnit4ClassRunner.java:289) [spring-test-5.1.0.RC3.jar:5.1.0.RC3]
	at org.junit.internal.runners.model.ReflectiveCallable.run(ReflectiveCallable.java:12) [junit-4.12.jar:4.12]
	at org.springframework.test.context.junit4.SpringJUnit4ClassRunner.methodBlock(SpringJUnit4ClassRunner.java:291) [spring-test-5.1.0.RC3.jar:5.1.0.RC3]
	at org.springframework.test.context.junit4.SpringJUnit4ClassRunner.runChild(SpringJUnit4ClassRunner.java:246) [spring-test-5.1.0.RC3.jar:5.1.0.RC3]
	at org.springframework.test.context.junit4.SpringJUnit4ClassRunner.runChild(SpringJUnit4ClassRunner.java:97) [spring-test-5.1.0.RC3.jar:5.1.0.RC3]
	at org.junit.runners.ParentRunner$3.run(ParentRunner.java:290) [junit-4.12.jar:4.12]
	at org.junit.runners.ParentRunner$1.schedule(ParentRunner.java:71) [junit-4.12.jar:4.12]
	at org.junit.runners.ParentRunner.runChildren(ParentRunner.java:288) [junit-4.12.jar:4.12]
	at org.junit.runners.ParentRunner.access$000(ParentRunner.java:58) [junit-4.12.jar:4.12]
	at org.junit.runners.ParentRunner$2.evaluate(ParentRunner.java:268) [junit-4.12.jar:4.12]
	at org.springframework.test.context.junit4.statements.RunBeforeTestClassCallbacks.evaluate(RunBeforeTestClassCallbacks.java:61) [spring-test-5.1.0.RC3.jar:5.1.0.RC3]
	at org.springframework.test.context.junit4.statements.RunAfterTestClassCallbacks.evaluate(RunAfterTestClassCallbacks.java:70) [spring-test-5.1.0.RC3.jar:5.1.0.RC3]
	at org.junit.runners.ParentRunner.run(ParentRunner.java:363) [junit-4.12.jar:4.12]
	at org.springframework.test.context.junit4.SpringJUnit4ClassRunner.run(SpringJUnit4ClassRunner.java:190) [spring-test-5.1.0.RC3.jar:5.1.0.RC3]
	at org.apache.maven.surefire.junit4.JUnit4Provider.execute(JUnit4Provider.java:365) [surefire-junit4-2.22.0.jar:2.22.0]
	at org.apache.maven.surefire.junit4.JUnit4Provider.executeWithRerun(JUnit4Provider.java:273) [surefire-junit4-2.22.0.jar:2.22.0]
	at org.apache.maven.surefire.junit4.JUnit4Provider.executeTestSet(JUnit4Provider.java:238) [surefire-junit4-2.22.0.jar:2.22.0]
	at org.apache.maven.surefire.junit4.JUnit4Provider.invoke(JUnit4Provider.java:159) [surefire-junit4-2.22.0.jar:2.22.0]
	at org.apache.maven.surefire.booter.ForkedBooter.invokeProviderInSameClassLoader(ForkedBooter.java:383) [surefire-booter-2.22.0.jar:2.22.0]
	at org.apache.maven.surefire.booter.ForkedBooter.runSuitesInProcess(ForkedBooter.java:344) [surefire-booter-2.22.0.jar:2.22.0]
	at org.apache.maven.surefire.booter.ForkedBooter.execute(ForkedBooter.java:125) [surefire-booter-2.22.0.jar:2.22.0]
	at org.apache.maven.surefire.booter.ForkedBooter.main(ForkedBooter.java:417) [surefire-booter-2.22.0.jar:2.22.0]
Caused by: java.lang.NoClassDefFoundError: org/hibernate/SessionFactory
	at java.lang.Class.getDeclaredMethods0(Native Method) ~[na:1.8.0_172]
	at java.lang.Class.privateGetDeclaredMethods(Class.java:2701) ~[na:1.8.0_172]
	at java.lang.Class.getDeclaredMethods(Class.java:1975) ~[na:1.8.0_172]
	at org.springframework.util.ReflectionUtils.getDeclaredMethods(ReflectionUtils.java:662) ~[spring-core-5.1.0.RC3.jar:5.1.0.RC3]
	... 48 common frames omitted
Caused by: java.lang.ClassNotFoundException: org.hibernate.SessionFactory
	at java.net.URLClassLoader.findClass(URLClassLoader.java:381) ~[na:1.8.0_172]
	at java.lang.ClassLoader.loadClass(ClassLoader.java:424) ~[na:1.8.0_172]
	at sun.misc.Launcher$AppClassLoader.loadClass(Launcher.java:349) ~[na:1.8.0_172]
	at java.lang.ClassLoader.loadClass(ClassLoader.java:357) ~[na:1.8.0_172]
	... 52 common frames omitted

2018-09-23 23:19:56.427 ERROR 6622 --- [           main] o.s.test.context.TestContextManager      : Caught exception while allowing TestExecutionListener [org.springframework.test.context.web.ServletTestExecutionListener@4218d6a3] to prepare test instance [com.sampleapp.demo.DemoApplicationTests@58ebfd03]

java.lang.IllegalStateException: Failed to load ApplicationContext
	at org.springframework.test.context.cache.DefaultCacheAwareContextLoaderDelegate.loadContext(DefaultCacheAwareContextLoaderDelegate.java:125) ~[spring-test-5.1.0.RC3.jar:5.1.0.RC3]
	at org.springframework.test.context.support.DefaultTestContext.getApplicationContext(DefaultTestContext.java:108) ~[spring-test-5.1.0.RC3.jar:5.1.0.RC3]
	at org.springframework.test.context.web.ServletTestExecutionListener.setUpRequestContextIfNecessary(ServletTestExecutionListener.java:190) ~[spring-test-5.1.0.RC3.jar:5.1.0.RC3]
	at org.springframework.test.context.web.ServletTestExecutionListener.prepareTestInstance(ServletTestExecutionListener.java:132) ~[spring-test-5.1.0.RC3.jar:5.1.0.RC3]
	at org.springframework.test.context.TestContextManager.prepareTestInstance(TestContextManager.java:246) ~[spring-test-5.1.0.RC3.jar:5.1.0.RC3]
	at org.springframework.test.context.junit4.SpringJUnit4ClassRunner.createTest(SpringJUnit4ClassRunner.java:227) [spring-test-5.1.0.RC3.jar:5.1.0.RC3]
	at org.springframework.test.context.junit4.SpringJUnit4ClassRunner$1.runReflectiveCall(SpringJUnit4ClassRunner.java:289) [spring-test-5.1.0.RC3.jar:5.1.0.RC3]
	at org.junit.internal.runners.model.ReflectiveCallable.run(ReflectiveCallable.java:12) [junit-4.12.jar:4.12]
	at org.springframework.test.context.junit4.SpringJUnit4ClassRunner.methodBlock(SpringJUnit4ClassRunner.java:291) [spring-test-5.1.0.RC3.jar:5.1.0.RC3]
	at org.springframework.test.context.junit4.SpringJUnit4ClassRunner.runChild(SpringJUnit4ClassRunner.java:246) [spring-test-5.1.0.RC3.jar:5.1.0.RC3]
	at org.springframework.test.context.junit4.SpringJUnit4ClassRunner.runChild(SpringJUnit4ClassRunner.java:97) [spring-test-5.1.0.RC3.jar:5.1.0.RC3]
	at org.junit.runners.ParentRunner$3.run(ParentRunner.java:290) [junit-4.12.jar:4.12]
	at org.junit.runners.ParentRunner$1.schedule(ParentRunner.java:71) [junit-4.12.jar:4.12]
	at org.junit.runners.ParentRunner.runChildren(ParentRunner.java:288) [junit-4.12.jar:4.12]
	at org.junit.runners.ParentRunner.access$000(ParentRunner.java:58) [junit-4.12.jar:4.12]
	at org.junit.runners.ParentRunner$2.evaluate(ParentRunner.java:268) [junit-4.12.jar:4.12]
	at org.springframework.test.context.junit4.statements.RunBeforeTestClassCallbacks.evaluate(RunBeforeTestClassCallbacks.java:61) [spring-test-5.1.0.RC3.jar:5.1.0.RC3]
	at org.springframework.test.context.junit4.statements.RunAfterTestClassCallbacks.evaluate(RunAfterTestClassCallbacks.java:70) [spring-test-5.1.0.RC3.jar:5.1.0.RC3]
	at org.junit.runners.ParentRunner.run(ParentRunner.java:363) [junit-4.12.jar:4.12]
	at org.springframework.test.context.junit4.SpringJUnit4ClassRunner.run(SpringJUnit4ClassRunner.java:190) [spring-test-5.1.0.RC3.jar:5.1.0.RC3]
	at org.apache.maven.surefire.junit4.JUnit4Provider.execute(JUnit4Provider.java:365) [surefire-junit4-2.22.0.jar:2.22.0]
	at org.apache.maven.surefire.junit4.JUnit4Provider.executeWithRerun(JUnit4Provider.java:273) [surefire-junit4-2.22.0.jar:2.22.0]
	at org.apache.maven.surefire.junit4.JUnit4Provider.executeTestSet(JUnit4Provider.java:238) [surefire-junit4-2.22.0.jar:2.22.0]
	at org.apache.maven.surefire.junit4.JUnit4Provider.invoke(JUnit4Provider.java:159) [surefire-junit4-2.22.0.jar:2.22.0]
	at org.apache.maven.surefire.booter.ForkedBooter.invokeProviderInSameClassLoader(ForkedBooter.java:383) [surefire-booter-2.22.0.jar:2.22.0]
	at org.apache.maven.surefire.booter.ForkedBooter.runSuitesInProcess(ForkedBooter.java:344) [surefire-booter-2.22.0.jar:2.22.0]
	at org.apache.maven.surefire.booter.ForkedBooter.execute(ForkedBooter.java:125) [surefire-booter-2.22.0.jar:2.22.0]
	at org.apache.maven.surefire.booter.ForkedBooter.main(ForkedBooter.java:417) [surefire-booter-2.22.0.jar:2.22.0]
Caused by: java.lang.IllegalStateException: Error processing condition on org.springframework.boot.autoconfigure.context.PropertyPlaceholderAutoConfiguration.propertySourcesPlaceholderConfigurer
	at org.springframework.boot.autoconfigure.condition.SpringBootCondition.matches(SpringBootCondition.java:64) ~[spring-boot-autoconfigure-2.1.0.M3.jar:2.1.0.M3]
	at org.springframework.context.annotation.ConditionEvaluator.shouldSkip(ConditionEvaluator.java:108) ~[spring-context-5.1.0.RC3.jar:5.1.0.RC3]
	at org.springframework.context.annotation.ConfigurationClassBeanDefinitionReader.loadBeanDefinitionsForBeanMethod(ConfigurationClassBeanDefinitionReader.java:180) ~[spring-context-5.1.0.RC3.jar:5.1.0.RC3]
	at org.springframework.context.annotation.ConfigurationClassBeanDefinitionReader.loadBeanDefinitionsForConfigurationClass(ConfigurationClassBeanDefinitionReader.java:140) ~[spring-context-5.1.0.RC3.jar:5.1.0.RC3]
	at org.springframework.context.annotation.ConfigurationClassBeanDefinitionReader.loadBeanDefinitions(ConfigurationClassBeanDefinitionReader.java:116) ~[spring-context-5.1.0.RC3.jar:5.1.0.RC3]
	at org.springframework.context.annotation.ConfigurationClassPostProcessor.processConfigBeanDefinitions(ConfigurationClassPostProcessor.java:327) ~[spring-context-5.1.0.RC3.jar:5.1.0.RC3]
	at org.springframework.context.annotation.ConfigurationClassPostProcessor.postProcessBeanDefinitionRegistry(ConfigurationClassPostProcessor.java:232) ~[spring-context-5.1.0.RC3.jar:5.1.0.RC3]
	at org.springframework.context.support.PostProcessorRegistrationDelegate.invokeBeanDefinitionRegistryPostProcessors(PostProcessorRegistrationDelegate.java:275) ~[spring-context-5.1.0.RC3.jar:5.1.0.RC3]
	at org.springframework.context.support.PostProcessorRegistrationDelegate.invokeBeanFactoryPostProcessors(PostProcessorRegistrationDelegate.java:95) ~[spring-context-5.1.0.RC3.jar:5.1.0.RC3]
	at org.springframework.context.support.AbstractApplicationContext.invokeBeanFactoryPostProcessors(AbstractApplicationContext.java:693) ~[spring-context-5.1.0.RC3.jar:5.1.0.RC3]
	at org.springframework.context.support.AbstractApplicationContext.refresh(AbstractApplicationContext.java:530) ~[spring-context-5.1.0.RC3.jar:5.1.0.RC3]
	at org.springframework.boot.SpringApplication.refresh(SpringApplication.java:797) ~[spring-boot-2.1.0.M3.jar:2.1.0.M3]
	at org.springframework.boot.SpringApplication.refreshContext(SpringApplication.java:421) ~[spring-boot-2.1.0.M3.jar:2.1.0.M3]
	at org.springframework.boot.SpringApplication.run(SpringApplication.java:340) ~[spring-boot-2.1.0.M3.jar:2.1.0.M3]
	at org.springframework.boot.test.context.SpringBootContextLoader.loadContext(SpringBootContextLoader.java:139) ~[spring-boot-test-2.1.0.M3.jar:2.1.0.M3]
	at org.springframework.test.context.cache.DefaultCacheAwareContextLoaderDelegate.loadContextInternal(DefaultCacheAwareContextLoaderDelegate.java:99) ~[spring-test-5.1.0.RC3.jar:5.1.0.RC3]
	at org.springframework.test.context.cache.DefaultCacheAwareContextLoaderDelegate.loadContext(DefaultCacheAwareContextLoaderDelegate.java:117) ~[spring-test-5.1.0.RC3.jar:5.1.0.RC3]
	... 27 common frames omitted
Caused by: java.lang.IllegalStateException: Failed to introspect Class [com.sampleapp.config.AppConfig] from ClassLoader [sun.misc.Launcher$AppClassLoader@4aa298b7]
	at org.springframework.util.ReflectionUtils.getDeclaredMethods(ReflectionUtils.java:680) ~[spring-core-5.1.0.RC3.jar:5.1.0.RC3]
	at org.springframework.util.ReflectionUtils.doWithMethods(ReflectionUtils.java:577) ~[spring-core-5.1.0.RC3.jar:5.1.0.RC3]
	at org.springframework.util.ReflectionUtils.doWithMethods(ReflectionUtils.java:562) ~[spring-core-5.1.0.RC3.jar:5.1.0.RC3]
	at org.springframework.util.ReflectionUtils.getUniqueDeclaredMethods(ReflectionUtils.java:620) ~[spring-core-5.1.0.RC3.jar:5.1.0.RC3]
	at java.util.concurrent.ConcurrentHashMap.computeIfAbsent(ConcurrentHashMap.java:1660) ~[na:1.8.0_172]
	at org.springframework.beans.factory.support.AbstractAutowireCapableBeanFactory.getTypeForFactoryMethod(AbstractAutowireCapableBeanFactory.java:721) ~[spring-beans-5.1.0.RC3.jar:5.1.0.RC3]
	at org.springframework.beans.factory.support.AbstractAutowireCapableBeanFactory.determineTargetType(AbstractAutowireCapableBeanFactory.java:662) ~[spring-beans-5.1.0.RC3.jar:5.1.0.RC3]
	at org.springframework.beans.factory.support.AbstractAutowireCapableBeanFactory.predictBeanType(AbstractAutowireCapableBeanFactory.java:630) ~[spring-beans-5.1.0.RC3.jar:5.1.0.RC3]
	at org.springframework.beans.factory.support.AbstractBeanFactory.isFactoryBean(AbstractBeanFactory.java:1492) ~[spring-beans-5.1.0.RC3.jar:5.1.0.RC3]
	at org.springframework.beans.factory.support.AbstractBeanFactory.isFactoryBean(AbstractBeanFactory.java:1015) ~[spring-beans-5.1.0.RC3.jar:5.1.0.RC3]
	at org.springframework.boot.autoconfigure.condition.BeanTypeRegistry.addBeanTypeForNonAliasDefinition(BeanTypeRegistry.java:194) ~[spring-boot-autoconfigure-2.1.0.M3.jar:2.1.0.M3]
	at org.springframework.boot.autoconfigure.condition.BeanTypeRegistry.addBeanTypeForNonAliasDefinition(BeanTypeRegistry.java:170) ~[spring-boot-autoconfigure-2.1.0.M3.jar:2.1.0.M3]
	at org.springframework.boot.autoconfigure.condition.BeanTypeRegistry.addBeanType(BeanTypeRegistry.java:163) ~[spring-boot-autoconfigure-2.1.0.M3.jar:2.1.0.M3]
	at org.springframework.boot.autoconfigure.condition.BeanTypeRegistry.lambda$updateTypesIfNecessary$2(BeanTypeRegistry.java:150) ~[spring-boot-autoconfigure-2.1.0.M3.jar:2.1.0.M3]
	at java.util.Iterator.forEachRemaining(Iterator.java:116) ~[na:1.8.0_172]
	at org.springframework.boot.autoconfigure.condition.BeanTypeRegistry.updateTypesIfNecessary(BeanTypeRegistry.java:148) ~[spring-boot-autoconfigure-2.1.0.M3.jar:2.1.0.M3]
	at org.springframework.boot.autoconfigure.condition.BeanTypeRegistry.getNamesForType(BeanTypeRegistry.java:114) ~[spring-boot-autoconfigure-2.1.0.M3.jar:2.1.0.M3]
	at org.springframework.boot.autoconfigure.condition.OnBeanCondition.collectBeanNamesForType(OnBeanCondition.java:265) ~[spring-boot-autoconfigure-2.1.0.M3.jar:2.1.0.M3]
	at org.springframework.boot.autoconfigure.condition.OnBeanCondition.getBeanNamesForType(OnBeanCondition.java:254) ~[spring-boot-autoconfigure-2.1.0.M3.jar:2.1.0.M3]
	at org.springframework.boot.autoconfigure.condition.OnBeanCondition.getMatchingBeans(OnBeanCondition.java:196) ~[spring-boot-autoconfigure-2.1.0.M3.jar:2.1.0.M3]
	at org.springframework.boot.autoconfigure.condition.OnBeanCondition.getMatchOutcome(OnBeanCondition.java:116) ~[spring-boot-autoconfigure-2.1.0.M3.jar:2.1.0.M3]
	at org.springframework.boot.autoconfigure.condition.SpringBootCondition.matches(SpringBootCondition.java:47) ~[spring-boot-autoconfigure-2.1.0.M3.jar:2.1.0.M3]
	... 43 common frames omitted
Caused by: java.lang.NoClassDefFoundError: org/hibernate/SessionFactory
	at java.lang.Class.getDeclaredMethods0(Native Method) ~[na:1.8.0_172]
	at java.lang.Class.privateGetDeclaredMethods(Class.java:2701) ~[na:1.8.0_172]
	at java.lang.Class.getDeclaredMethods(Class.java:1975) ~[na:1.8.0_172]
	at org.springframework.util.ReflectionUtils.getDeclaredMethods(ReflectionUtils.java:662) ~[spring-core-5.1.0.RC3.jar:5.1.0.RC3]
	... 64 common frames omitted
Caused by: java.lang.ClassNotFoundException: org.hibernate.SessionFactory
	at java.net.URLClassLoader.findClass(URLClassLoader.java:381) ~[na:1.8.0_172]
	at java.lang.ClassLoader.loadClass(ClassLoader.java:424) ~[na:1.8.0_172]
	at sun.misc.Launcher$AppClassLoader.loadClass(Launcher.java:349) ~[na:1.8.0_172]
	at java.lang.ClassLoader.loadClass(ClassLoader.java:357) ~[na:1.8.0_172]
	... 68 common frames omitted

]]></system-out>
  </testcase>
</testsuite>